<?xml version="1.0" encoding="UTF-8"?>
<!-- Generated by org.testng.reporters.JUnitReportReporter -->
<testsuite hostname="LAPTOP-KVKSTATV" failures="0" tests="5" name="com.vtiger.oppurtunities.OppurtunitiesTest" time="628.472" errors="0" timestamp="6 Jan 2019 15:58:58 GMT">
  <testcase classname="com.vtiger.oppurtunities.OppurtunitiesTest" name="Edit_OppurtunitiesWith_MassEditButton_Group_SupportGroupTest" time="132.858"/>
  <testcase classname="com.vtiger.oppurtunities.OppurtunitiesTest" name="Edit_OppurtunitiesWith_MassEditButton_NextStepTest" time="117.139"/>
  <testcase classname="com.vtiger.oppurtunities.OppurtunitiesTest" name="edit_OppurtunitiesWith_MassEditButton_AmountTest" time="151.934"/>
  <testcase classname="com.vtiger.oppurtunities.OppurtunitiesTest" name="Edit_OppurtunitiesWith_MassEditButton_LeadSource_WebsiteTest" time="112.665"/>
  <testcase classname="com.vtiger.oppurtunities.OppurtunitiesTest" name="Edit_OppurtunitiesWith_MassEditButton_Type_NewBuisinessTest" time="113.876"/>
</testsuite> <!-- com.vtiger.oppurtunities.OppurtunitiesTest -->
